# JRE version: Java(TM) SE Runtime Environment (8.0_65-b17) (build 1.8.0_65-b17)
# Java VM: Java HotSpot(TM) 64-Bit Server VM (25.65-b01 mixed mode windows-amd64 compressed oops)
Heap:
 PSYoungGen      total 98816K, used 86496K [0x00000000f5580000, 0x00000000fc880000, 0x0000000100000000)
  eden space 89088K, 86% used [0x00000000f5580000,0x00000000fa07d750,0x00000000fac80000)
  from space 9728K, 99% used [0x00000000fb780000,0x00000000fc0fa918,0x00000000fc100000)
  to   space 11264K, 0% used [0x00000000fac80000,0x00000000fac80000,0x00000000fb780000)
 ParOldGen       total 68096K, used 11201K [0x00000000e0000000, 0x00000000e4280000, 0x00000000f5580000)
  object space 68096K, 16% used [0x00000000e0000000,0x00000000e0af04b0,0x00000000e4280000)
 Metaspace       used 33922K, capacity 34904K, committed 35072K, reserved 1079296K
  class space    used 4647K, capacity 5016K, committed 5120K, reserved 1048576K
GC Heap History (10 events):
Event: 2.139 GC heap before
{Heap before GC invocations=3 (full 0):
 PSYoungGen      total 38400K, used 38381K [0x00000000f5580000, 0x00000000f8000000, 0x0000000100000000)
  eden space 33280K, 100% used [0x00000000f5580000,0x00000000f7600000,0x00000000f7600000)
  from space 5120K, 99% used [0x00000000f7b00000,0x00000000f7ffb688,0x00000000f8000000)
  to   space 5120K, 0% used [0x00000000f7600000,0x00000000f7600000,0x00000000f7b00000)
 ParOldGen       total 87552K, used 2595K [0x00000000e0000000, 0x00000000e5580000, 0x00000000f5580000)
  object space 87552K, 2% used [0x00000000e0000000,0x00000000e0288f80,0x00000000e5580000)
 Metaspace       used 18588K, capacity 18934K, committed 19072K, reserved 1064960K
  class space    used 2543K, capacity 2647K, committed 2688K, reserved 1048576K
Event: 2.147 GC heap after
Heap after GC invocations=3 (full 0):
 PSYoungGen      total 38400K, used 5112K [0x00000000f5580000, 0x00000000fa080000, 0x0000000100000000)
  eden space 33280K, 0% used [0x00000000f5580000,0x00000000f5580000,0x00000000f7600000)
  from space 5120K, 99% used [0x00000000f7600000,0x00000000f7afe010,0x00000000f7b00000)
  to   space 5120K, 0% used [0x00000000f9b80000,0x00000000f9b80000,0x00000000fa080000)
 ParOldGen       total 87552K, used 6271K [0x00000000e0000000, 0x00000000e5580000, 0x00000000f5580000)
  object space 87552K, 7% used [0x00000000e0000000,0x00000000e061fcb0,0x00000000e5580000)
 Metaspace       used 18588K, capacity 18934K, committed 19072K, reserved 1064960K
  class space    used 2543K, capacity 2647K, committed 2688K, reserved 1048576K
}
Event: 2.527 GC heap before
{Heap before GC invocations=4 (full 0):
 PSYoungGen      total 38400K, used 27525K [0x00000000f5580000, 0x00000000fa080000, 0x0000000100000000)
  eden space 33280K, 67% used [0x00000000f5580000,0x00000000f6b63640,0x00000000f7600000)
  from space 5120K, 99% used [0x00000000f7600000,0x00000000f7afe010,0x00000000f7b00000)
  to   space 5120K, 0% used [0x00000000f9b80000,0x00000000f9b80000,0x00000000fa080000)
 ParOldGen       total 87552K, used 6271K [0x00000000e0000000, 0x00000000e5580000, 0x00000000f5580000)
  object space 87552K, 7% used [0x00000000e0000000,0x00000000e061fcb0,0x00000000e5580000)
 Metaspace       used 20727K, capacity 21190K, committed 21296K, reserved 1067008K
  class space    used 2761K, capacity 2941K, committed 2944K, reserved 1048576K
Event: 2.536 GC heap after
Heap after GC invocations=4 (full 0):
 PSYoungGen      total 71680K, used 5096K [0x00000000f5580000, 0x00000000fa080000, 0x0000000100000000)
  eden space 66560K, 0% used [0x00000000f5580000,0x00000000f5580000,0x00000000f9680000)
  from space 5120K, 99% used [0x00000000f9b80000,0x00000000fa07a020,0x00000000fa080000)
  to   space 5120K, 0% used [0x00000000f9680000,0x00000000f9680000,0x00000000f9b80000)
 ParOldGen       total 87552K, used 9265K [0x00000000e0000000, 0x00000000e5580000, 0x00000000f5580000)
  object space 87552K, 10% used [0x00000000e0000000,0x00000000e090c460,0x00000000e5580000)
 Metaspace       used 20727K, capacity 21190K, committed 21296K, reserved 1067008K
  class space    used 2761K, capacity 2941K, committed 2944K, reserved 1048576K
}
Event: 2.536 GC heap before
{Heap before GC invocations=5 (full 1):
 PSYoungGen      total 71680K, used 5096K [0x00000000f5580000, 0x00000000fa080000, 0x0000000100000000)
  eden space 66560K, 0% used [0x00000000f5580000,0x00000000f5580000,0x00000000f9680000)
  from space 5120K, 99% used [0x00000000f9b80000,0x00000000fa07a020,0x00000000fa080000)
  to   space 5120K, 0% used [0x00000000f9680000,0x00000000f9680000,0x00000000f9b80000)
 ParOldGen       total 87552K, used 9265K [0x00000000e0000000, 0x00000000e5580000, 0x00000000f5580000)
  object space 87552K, 10% used [0x00000000e0000000,0x00000000e090c460,0x00000000e5580000)
 Metaspace       used 20727K, capacity 21190K, committed 21296K, reserved 1067008K
  class space    used 2761K, capacity 2941K, committed 2944K, reserved 1048576K
Event: 2.591 GC heap after
Heap after GC invocations=5 (full 1):
 PSYoungGen      total 71680K, used 0K [0x00000000f5580000, 0x00000000fa080000, 0x0000000100000000)
  eden space 66560K, 0% used [0x00000000f5580000,0x00000000f5580000,0x00000000f9680000)
  from space 5120K, 0% used [0x00000000f9b80000,0x00000000f9b80000,0x00000000fa080000)
  to   space 5120K, 0% used [0x00000000f9680000,0x00000000f9680000,0x00000000f9b80000)
 ParOldGen       total 68096K, used 8779K [0x00000000e0000000, 0x00000000e4280000, 0x00000000f5580000)
  object space 68096K, 12% used [0x00000000e0000000,0x00000000e0892fa8,0x00000000e4280000)
 Metaspace       used 20727K, capacity 21190K, committed 21296K, reserved 1067008K
  class space    used 2761K, capacity 2941K, committed 2944K, reserved 1048576K
}
Event: 3.277 GC heap before
{Heap before GC invocations=6 (full 1):
 PSYoungGen      total 71680K, used 66560K [0x00000000f5580000, 0x00000000fa080000, 0x0000000100000000)
  eden space 66560K, 100% used [0x00000000f5580000,0x00000000f9680000,0x00000000f9680000)
  from space 5120K, 0% used [0x00000000f9b80000,0x00000000f9b80000,0x00000000fa080000)
  to   space 5120K, 0% used [0x00000000f9680000,0x00000000f9680000,0x00000000f9b80000)
 ParOldGen       total 68096K, used 8779K [0x00000000e0000000, 0x00000000e4280000, 0x00000000f5580000)
  object space 68096K, 12% used [0x00000000e0000000,0x00000000e0892fa8,0x00000000e4280000)
 Metaspace       used 25516K, capacity 26078K, committed 26240K, reserved 1071104K
  class space    used 3427K, capacity 3642K, committed 3712K, reserved 1048576K
Event: 3.283 GC heap after
Heap after GC invocations=6 (full 1):
 PSYoungGen      total 71680K, used 5109K [0x00000000f5580000, 0x00000000fc100000, 0x0000000100000000)
  eden space 66560K, 0% used [0x00000000f5580000,0x00000000f5580000,0x00000000f9680000)
  from space 5120K, 99% used [0x00000000f9680000,0x00000000f9b7d528,0x00000000f9b80000)
  to   space 9728K, 0% used [0x00000000fb780000,0x00000000fb780000,0x00000000fc100000)
 ParOldGen       total 68096K, used 10751K [0x00000000e0000000, 0x00000000e4280000, 0x00000000f5580000)
  object space 68096K, 15% used [0x00000000e0000000,0x00000000e0a7fe28,0x00000000e4280000)
 Metaspace       used 25516K, capacity 26078K, committed 26240K, reserved 1071104K
  class space    used 3427K, capacity 3642K, committed 3712K, reserved 1048576K
}
Event: 4.022 GC heap before
{Heap before GC invocations=7 (full 1):
 PSYoungGen      total 71680K, used 71669K [0x00000000f5580000, 0x00000000fc100000, 0x0000000100000000)
  eden space 66560K, 100% used [0x00000000f5580000,0x00000000f9680000,0x00000000f9680000)
  from space 5120K, 99% used [0x00000000f9680000,0x00000000f9b7d528,0x00000000f9b80000)
  to   space 9728K, 0% used [0x00000000fb780000,0x00000000fb780000,0x00000000fc100000)
 ParOldGen       total 68096K, used 10751K [0x00000000e0000000, 0x00000000e4280000, 0x00000000f5580000)
  object space 68096K, 15% used [0x00000000e0000000,0x00000000e0a7fe28,0x00000000e4280000)
 Metaspace       used 29720K, capacity 30522K, committed 30720K, reserved 1075200K
  class space    used 3993K, capacity 4308K, committed 4352K, reserved 1048576K
Event: 4.043 GC heap after
Heap after GC invocations=7 (full 1):
 PSYoungGen      total 98816K, used 9706K [0x00000000f5580000, 0x00000000fc880000, 0x0000000100000000)
  eden space 89088K, 0% used [0x00000000f5580000,0x00000000f5580000,0x00000000fac80000)
  from space 9728K, 99% used [0x00000000fb780000,0x00000000fc0fa918,0x00000000fc100000)
  to   space 11264K, 0% used [0x00000000fac80000,0x00000000fac80000,0x00000000fb780000)
 ParOldGen       total 68096K, used 11201K [0x00000000e0000000, 0x00000000e4280000, 0x00000000f5580000)
  object space 68096K, 16% used [0x00000000e0000000,0x00000000e0af04b0,0x00000000e4280000)
 Metaspace       used 29720K, capacity 30522K, committed 30720K, reserved 1075200K
  class space    used 3993K, capacity 4308K, committed 4352K, reserved 1048576K
}

